<?xml version="1.0" encoding="UTF-8"?>
<testsuite xmlns:xsi="http://www.w3.org/2001/XMLSchema-instance" xsi:noNamespaceSchemaLocation="https://maven.apache.org/surefire/maven-surefire-plugin/xsd/surefire-test-report-3.0.xsd" version="3.0" name="org.rebecalang.modeltransformer.RebecaToRILTest" time="0.097" tests="1" errors="0" skipped="0" failures="0">
  <properties>
[...]
</properties>
  <testcase name="generateDiningPhilosophers" classname="org.rebecalang.modeltransformer.RebecaToRILTest" time="0.084">
    <system-out><![CDATA[main
0:PUSH
1:new Node( nodeL->node4, nodeR->node2, ):(myId->1, )
2:new Node( nodeL->node1, nodeR->node3, ):(myId->2, )
3:new Node( nodeL->node2, nodeR->node4, ):(myId->3, )
4:new Node( nodeL->node3, nodeR->node1, ):(myId->4, )
5:POP 1 false
...............................................
Node.Node$int
0:PUSH
1:id = myId
2:phase = 0
3:oneResponseIsAlreadyReceived = true
4:declare $TEMP_EXP$25
5:$TEMP_EXP$25 = 1-null
6:leaderId = $TEMP_EXP$25
7:self.Node.broadcast$int$boolean$int( hopCount->0, msgId->id, out->false, )
8:POP 1 false
9:endMethod
...............................................
Node.broadcast$int$boolean$int
0:PUSH
1:jump if not (out) <Node.broadcast$int$boolean$int46>
2:PUSH
3:declare $TEMP_EXP$12
4:$TEMP_EXP$12 = msgId==id
5:jump if not ($TEMP_EXP$12) <Node.broadcast$int$boolean$int11>
6:PUSH
7:leaderId = id
8:nodeR.Node.leaderIsElected$int( selectedLeaderId->id, )
9:POP 1 false
10:jump if not (null) <Node.broadcast$int$boolean$int44>
11:PUSH
12:declare $TEMP_EXP$13
13:$TEMP_EXP$13 = hopCount==1
14:jump if not ($TEMP_EXP$13) <Node.broadcast$int$boolean$int22>
15:PUSH
16:declare $TEMP_EXP$14
17:$TEMP_EXP$14 = msgId<id
18:jump if not ($TEMP_EXP$14) <Node.broadcast$int$boolean$int20>
19:sender.Node.broadcast$int$boolean$int( hopCount->0, msgId->msgId, out->false, )
20:POP 1 false
21:jump if not (null) <Node.broadcast$int$boolean$int43>
22:PUSH
23:declare $TEMP_EXP$15
24:$TEMP_EXP$15 = msgId<id
25:jump if not ($TEMP_EXP$15) <Node.broadcast$int$boolean$int42>
26:PUSH
27:declare $TEMP_EXP$16
28:$TEMP_EXP$16 = sender==nodeL
29:jump if not ($TEMP_EXP$16) <Node.broadcast$int$boolean$int36>
30:PUSH
31:declare $TEMP_EXP$17
32:$TEMP_EXP$17 = hopCount-1
33:nodeR.Node.broadcast$int$boolean$int( hopCount->$TEMP_EXP$17, msgId->msgId, out->out, )
34:POP 1 false
35:jump if not (null) <Node.broadcast$int$boolean$int41>
36:PUSH
37:declare $TEMP_EXP$18
38:$TEMP_EXP$18 = hopCount-1
39:nodeL.Node.broadcast$int$boolean$int( hopCount->$TEMP_EXP$18, msgId->msgId, out->out, )
40:POP 1 false
41:POP 1 false
42:POP 1 false
43:POP 1 false
44:POP 1 false
45:jump if not (null) <Node.broadcast$int$boolean$int83>
46:PUSH
47:declare $TEMP_EXP$19
48:$TEMP_EXP$19 = msgId==id
49:jump if not ($TEMP_EXP$19) <Node.broadcast$int$boolean$int70>
50:PUSH
51:jump if not (oneResponseIsAlreadyReceived) <Node.broadcast$int$boolean$int65>
52:PUSH
53:declare $TEMP_EXP$20
54:null.pow$double$double( arg0->2, arg1->phase, ) -> $TEMP_EXP$20
55:nodeL.Node.broadcast$int$boolean$int( hopCount->$TEMP_EXP$20, msgId->id, out->true, )
56:declare $TEMP_EXP$21
57:null.pow$double$double( arg0->2, arg1->phase, ) -> $TEMP_EXP$21
58:nodeR.Node.broadcast$int$boolean$int( hopCount->$TEMP_EXP$21, msgId->id, out->true, )
59:declare $TEMP_EXP$22
60:$TEMP_EXP$22 = phase
61:phase = phase+1
62:oneResponseIsAlreadyReceived = false
63:POP 1 false
64:jump if not (null) <Node.broadcast$int$boolean$int68>
65:PUSH
66:oneResponseIsAlreadyReceived = true
67:POP 1 false
68:POP 1 false
69:jump if not (null) <Node.broadcast$int$boolean$int82>
70:PUSH
71:declare $TEMP_EXP$23
72:$TEMP_EXP$23 = sender==nodeL
73:jump if not ($TEMP_EXP$23) <Node.broadcast$int$boolean$int78>
74:PUSH
75:nodeR.Node.broadcast$int$boolean$int( hopCount->0, msgId->msgId, out->false, )
76:POP 1 false
77:jump if not (null) <Node.broadcast$int$boolean$int81>
78:PUSH
79:nodeL.Node.broadcast$int$boolean$int( hopCount->0, msgId->msgId, out->false, )
80:POP 1 false
81:POP 1 false
82:POP 1 false
83:POP 1 false
84:endMsgsrv
...............................................
Node.leaderIsElected$int
0:PUSH
1:leaderId = selectedLeaderId
2:declare $TEMP_EXP$24
3:$TEMP_EXP$24 = leaderId!=id
4:jump if not ($TEMP_EXP$24) <Node.leaderIsElected$int7>
5:nodeR.Node.leaderIsElected$int( selectedLeaderId->selectedLeaderId, )
6:jump if not (null) <Node.leaderIsElected$int8>
7:self.Node.leaderIsElected$int( selectedLeaderId->id, )
8:POP 1 false
9:endMsgsrv
...............................................
]]></system-out>
  </testcase>
</testsuite>