<?xml version="1.0" encoding="UTF-8"?>
<testsuite xmlns:xsi="http://www.w3.org/2001/XMLSchema-instance" xsi:noNamespaceSchemaLocation="https://maven.apache.org/surefire/maven-surefire-plugin/xsd/surefire-test-report-3.0.xsd" version="3.0" name="org.rebecalang.modeltransformer.HybridRebecaToRILTest" time="1.176" tests="8" errors="0" skipped="0" failures="0">
  <properties>
[...]
</properties>
  <testcase name="generatePhysicalModeRIL" classname="org.rebecalang.modeltransformer.HybridRebecaToRILTest" time="0.155">
    <system-out><![CDATA[model issrc\test\resources\org\rebecalang\modeltransformer\testcase\Hybrid\hybridMode.rebeca
main
0:PUSH
1:new Idol( ):()
2:new Car( ):()
3:POP 1 false
...............................................
Idol.doNothing
0:PUSH
1:declare a
2:a = {1.0, 2.0, 3.0}
3:$RETURN_VALUE$ = a
4:POP 1 false
5:endMethod
...............................................
Idol.perform
0:PUSH
1:declare w
2:w = TEST_VAR
3:declare c
4:declare $TEMP_EXP$0
5:self.Idol.doNothing( ) -> $TEMP_EXP$0
6:c = $TEMP_EXP$0
7:POP 1 false
8:endMsgsrv
...............................................
Idol.Idol
0:PUSH
1:self.Idol.perform( )
2:POP 1 false
3:endMethod
...............................................
Car.Car
0:PUSH
1:POP 1 false
2:endMethod
...............................................
Car.mode.Rolling
0:Car.mode.Rolling.inv = t<=2.0
1:Car.mode.Rolling.ode$1 = t'=2.0
2:Car.mode.Rolling.guard
3:guard = t>6.0
4:PUSH
5:t = 12.0
6:POP 1 false
7:endGuard
8:endMode
...............................................
envVarDec$1
0:declare TEST_VAR
1:TEST_VAR = 0.0
...............................................
envVarDec$0
0:declare NET_DELAY
1:NET_DELAY = 1.0
...............................................
]]></system-out>
    <system-err><![CDATA[SLF4J: Failed to load class "org.slf4j.impl.StaticLoggerBinder".
SLF4J: Defaulting to no-operation (NOP) logger implementation
SLF4J: See http://www.slf4j.org/codes.html#StaticLoggerBinder for further details.
]]></system-err>
  </testcase>
  <testcase name="PhysicalRebecIsSuccessfullyRecognized" classname="org.rebecalang.modeltransformer.HybridRebecaToRILTest" time="0.018">
    <system-out><![CDATA[Car.Car
0:PUSH
1:POP 1 false
2:endMethod
...............................................
Idol.doNothing
0:PUSH
1:declare a
2:a = {1.0, 2.0, 3.0}
3:$RETURN_VALUE$ = a
4:POP 1 false
5:endMethod
...............................................
main
0:PUSH
1:new Idol( ):()
2:new Car( ):()
3:POP 1 false
...............................................
Idol.perform
0:PUSH
1:declare w
2:w = TEST_VAR
3:declare c
4:declare $TEMP_EXP$2
5:self.Idol.doNothing( ) -> $TEMP_EXP$2
6:c = $TEMP_EXP$2
7:POP 1 false
8:endMsgsrv
...............................................
Idol.Idol
0:PUSH
1:self.Idol.perform( )
2:POP 1 false
3:endMethod
...............................................
envVarDec$1
0:declare TEST_VAR
1:TEST_VAR = 0.0
...............................................
envVarDec$0
0:declare NET_DELAY
1:NET_DELAY = 1.0
...............................................
Car.mode.Rolling
0:Car.mode.Rolling.inv = t<=5.0
1:Car.mode.Rolling.ode$1 = t'=2.0
2:Car.mode.Rolling.guard
3:guard = t>6.0
4:PUSH
5:t = 12.0
6:POP 1 false
7:endGuard
8:endMode
...............................................
Car.move
0:PUSH
1:declare $TEMP_EXP$1
2:$TEMP_EXP$1 = t+8.0
3:t=$TEMP_EXP$1
4:POP 1 false
5:endMsgsrv
...............................................
]]></system-out>
  </testcase>
  <testcase name="BinaryExpWith3Operands" classname="org.rebecalang.modeltransformer.HybridRebecaToRILTest" time="0.029">
    <system-out><![CDATA[main
0:PUSH
1:new Car( ):()
2:POP 1 false
...............................................
Car.Car
0:PUSH
1:t=12.0+2.1+2.0
2:POP 1 false
3:endMethod
...............................................
Car.mode.Rolling
0:Car.mode.Rolling.inv = t<=2.0
1:Car.mode.Rolling.ode$1 = t'=2.0
2:Car.mode.Rolling.guard
3:guard = t>6.0
4:PUSH
5:POP 1 false
6:endGuard
7:endMode
...............................................
]]></system-out>
  </testcase>
  <testcase name="transformHeaterWithSensorRebecaToRIL" classname="org.rebecalang.modeltransformer.HybridRebecaToRILTest" time="0.047">
    <system-out><![CDATA[model issrc\test\resources\org\rebecalang\modeltransformer\testcase\Hybrid\heaterWithOnePhysicalClass.rebeca
HeaterWithSensor.apply$int
0:PUSH
1:declare x
2:x = tempe
3:POP 1 false
4:endMsgsrv
...............................................
Controller.control2$float
0:PUSH
1:declare a
2:a = 10.0
3:hws.HeaterWithSensor.apply$int( tempe->22.0, )
4:hws.HeaterWithSensor.apply$int( tempe->-22.0, )
5:hws.HeaterWithSensor.apply$int( tempe->22.0, )
6:hws.HeaterWithSensor.apply$int( tempe->a, )
7:declare $TEMP_EXP$3
8:$TEMP_EXP$3 = a+1.0
9:hws.HeaterWithSensor.apply$int( tempe->$TEMP_EXP$3, )
10:POP 1 false
11:endMsgsrv
...............................................
Controller.control$float
0:PUSH
1:jump if not (tempr>=22.0) <Controller.control$float4>
2:PUSH
3:POP 1 false
4:jump if not (tempr<=18.0) <Controller.control$float7>
5:PUSH
6:POP 1 false
7:POP 1 false
8:endMsgsrv
...............................................
HeaterWithSensor.mode.On
0:HeaterWithSensor.mode.On.inv = timer<=0.05
1:HeaterWithSensor.mode.On.ode$1 = timer'=1.0
2:HeaterWithSensor.mode.On.ode$2 = tempr'=0.1
3:HeaterWithSensor.mode.On.guard
4:guard = timer==0.05
5:PUSH
6:timer=0.0
7:POP 1 false
8:endGuard
9:endMode
...............................................
main
0:PUSH
1:new Controller( hws->hws2, ):()
2:POP 1 false
...............................................
Controller.initial
0:PUSH
1:POP 1 false
2:endMsgsrv
...............................................
HeaterWithSensor.HeaterWithSensor$float
0:PUSH
1:tempr=tempr_
2:self.setMode( arg0->On )
3:POP 1 false
4:endMethod
...............................................
Controller.Controller
0:PUSH
1:POP 1 false
2:endMethod
...............................................
Controller.control3$float
0:PUSH
1:declare a
2:a = true
3:hws.HeaterWithSensor.applyBool$boolean( tempe->a, )
4:hws.HeaterWithSensor.applyBool$boolean( tempe->false, )
5:declare $TEMP_EXP$4
6:$TEMP_EXP$4 = a!null
7:hws.HeaterWithSensor.applyBool$boolean( tempe->$TEMP_EXP$4, )
8:POP 1 false
9:endMsgsrv
...............................................
HeaterWithSensor.applyBool$boolean
0:PUSH
1:declare x
2:x = tempe
3:POP 1 false
4:endMsgsrv
...............................................
HeaterWithSensor.mode.Off
0:HeaterWithSensor.mode.Off.inv = timer<=0.05
1:HeaterWithSensor.mode.Off.ode$1 = timer'=1.0
2:HeaterWithSensor.mode.Off.ode$2 = tempr'=-0.1
3:HeaterWithSensor.mode.Off.guard
4:guard = timer==0.05
5:PUSH
6:jump if not (timer<2.2) <HeaterWithSensor.HeaterWithSensor$float6>
7:PUSH
8:timer=0.0
9:POP 1 false
10:POP 1 false
11:endGuard
12:endMode
...............................................
]]></system-out>
  </testcase>
  <testcase name="DelayStmtIsSuccessfullyRecognized" classname="org.rebecalang.modeltransformer.HybridRebecaToRILTest" time="0.024">
    <system-out><![CDATA[main
0:PUSH
1:new Car( ):()
2:POP 1 false
...............................................
Car.Car
0:PUSH
1:$TEMP_EXP$5 = ContinuousNonDet {1.0, 2.0}
2:delay( bound->$TEMP_EXP$5 )
3:speed = 20.0
4:self.Car.ride$double( a->t*2.0, )
5:POP 1 false
6:endMethod
...............................................
Car.ride$double
0:PUSH
1:delay( bound->10.0 )
2:POP 1 false
3:endMsgsrv
...............................................
Car.mode.Rolling
0:Car.mode.Rolling.inv = t<=2.0
1:Car.mode.Rolling.ode$1 = t'=2.0
2:Car.mode.Rolling.guard
3:guard = t>6.0
4:PUSH
5:t=12.1
6:self.setMode( arg0->NotRolling )
7:POP 1 false
8:endGuard
9:endMode
...............................................
envVarDec$1
0:declare TEST_VAR
1:TEST_VAR = 0.0
...............................................
envVarDec$0
0:declare NET_DELAY
1:NET_DELAY = 1.0
...............................................
Car.mode.NotRolling
0:Car.mode.NotRolling.inv = t<=12.0
1:Car.mode.NotRolling.ode$1 = t'=3.0
2:Car.mode.NotRolling.guard
3:guard = t>7.0
4:PUSH
5:t=12.1
6:self.setMode( arg0->Rolling )
7:POP 1 false
8:endGuard
9:endMode
...............................................
]]></system-out>
  </testcase>
  <testcase name="GuardContainingContinuousExp" classname="org.rebecalang.modeltransformer.HybridRebecaToRILTest" time="0.015">
    <system-out><![CDATA[main
0:PUSH
1:new Car( ):()
2:POP 1 false
...............................................
Car.Car
0:PUSH
1:t=22.0
2:POP 1 false
3:endMethod
...............................................
Car.mode.Rolling
0:Car.mode.Rolling.inv = t<=2.0
1:Car.mode.Rolling.ode$1 = t'=2.0
2:Car.mode.Rolling.guard
3:guard = t>6.0
4:PUSH
5:t=12.0+2.1+2.0
6:POP 1 false
7:endGuard
8:endMode
...............................................
]]></system-out>
  </testcase>
  <testcase name="transformRebecaToRIL" classname="org.rebecalang.modeltransformer.HybridRebecaToRILTest" time="0.011">
    <system-out><![CDATA[model issrc\test\resources\org\rebecalang\modeltransformer\testcase\Hybrid\main.rebeca
main
0:PUSH
1:new Car( ):()
2:POP 1 false
...............................................
Car.Car
0:PUSH
1:declare r
2:declare $TEMP_EXP$6
3:$TEMP_EXP$6 = t+1.0
4:r=$TEMP_EXP$6
5:declare $TEMP_EXP$7
6:$TEMP_EXP$7 = r<1.0
7:jump if not ($TEMP_EXP$7) <Car.Car13>
8:PUSH
9:declare $TEMP_EXP$8
10:$TEMP_EXP$8 = 3.0*r
11:r=$TEMP_EXP$8
12:POP 1 false
13:POP 1 false
14:endMethod
...............................................
Car.mode.Rolling
0:Car.mode.Rolling.inv = t<=2.0
1:Car.mode.Rolling.ode$1 = t'=2.0+3.1
2:Car.mode.Rolling.guard
3:guard = t==1.0
4:PUSH
5:t=6.6+1.0
6:POP 1 false
7:endGuard
8:endMode
...............................................
envVarDec$1
0:declare TEST_VAR
1:TEST_VAR = 0.0
...............................................
envVarDec$0
0:declare NET_DELAY
1:NET_DELAY = 1.0
...............................................
]]></system-out>
  </testcase>
  <testcase name="InvariantConditionIsTransformedToRils" classname="org.rebecalang.modeltransformer.HybridRebecaToRILTest" time="0.008">
    <system-out><![CDATA[model issrc\test\resources\org\rebecalang\modeltransformer\testcase\Hybrid\main.rebeca
main
0:PUSH
1:new Car( ):()
2:POP 1 false
...............................................
Car.Car
0:PUSH
1:declare r
2:declare $TEMP_EXP$9
3:$TEMP_EXP$9 = t+1.0
4:r=$TEMP_EXP$9
5:declare $TEMP_EXP$10
6:$TEMP_EXP$10 = r<1.0
7:jump if not ($TEMP_EXP$10) <Car.Car13>
8:PUSH
9:declare $TEMP_EXP$11
10:$TEMP_EXP$11 = 3.0*r
11:r=$TEMP_EXP$11
12:POP 1 false
13:POP 1 false
14:endMethod
...............................................
Car.mode.Rolling
0:Car.mode.Rolling.inv = t<=2.0
1:Car.mode.Rolling.ode$1 = t'=2.0+3.1
2:Car.mode.Rolling.guard
3:guard = t==1.0
4:PUSH
5:t=6.6+1.0
6:POP 1 false
7:endGuard
8:endMode
...............................................
envVarDec$1
0:declare TEST_VAR
1:TEST_VAR = 0.0
...............................................
envVarDec$0
0:declare NET_DELAY
1:NET_DELAY = 1.0
...............................................
]]></system-out>
  </testcase>
</testsuite>